<?xml version="1.0" encoding="UTF-8"?>
<!-- Generated by org.testng.reporters.JUnitReportReporter -->
<testsuite hostname="PrecisePC-6" failures="0" tests="6" name="dep_sce_and_tech.SA_Tech" time="82.779" errors="0" timestamp="2024-04-17T23:04:30 IST" skipped="5">
  <testcase classname="dep_sce_and_tech.SA_Tech" name="t3" time="82.779"/>
  <testcase classname="dep_sce_and_tech.SA_Tech" name="t2">
    <skipped/>
  </testcase> <!-- t2 -->
  <testcase classname="dep_sce_and_tech.SA_Tech" name="t1">
    <skipped/>
  </testcase> <!-- t1 -->
  <testcase classname="dep_sce_and_tech.SA_Tech" name="t6">
    <skipped/>
  </testcase> <!-- t6 -->
  <testcase classname="dep_sce_and_tech.SA_Tech" name="t4">
    <skipped/>
  </testcase> <!-- t4 -->
  <testcase classname="dep_sce_and_tech.SA_Tech" name="t5">
    <skipped/>
  </testcase> <!-- t5 -->
</testsuite> <!-- dep_sce_and_tech.SA_Tech -->
