<?xml version="1.0" encoding="UTF-8"?>
<!-- Generated by org.testng.reporters.JUnitReportReporter -->
<testsuite hostname="PrecisePC-6" failures="0" tests="1" name="test_components.Open_in_new_tab_and_test" time="0.134" errors="0" timestamp="2024-04-07T14:36:50 IST" skipped="0">
  <testcase classname="test_components.Open_in_new_tab_and_test" name="getLinks_from_address_bar" time="0.134"/>
  <system-out/>
</testsuite> <!-- test_components.Open_in_new_tab_and_test -->
