<?xml version="1.0" encoding="UTF-8"?>
<!-- Generated by org.testng.reporters.JUnitReportReporter -->
<testsuite hostname="PrecisePC-6" failures="0" tests="4" name="just.J_one" time="24.641" errors="0" timestamp="2024-04-08T18:25:09 IST" skipped="1">
  <testcase classname="just.J_one" name="test_1" time="0.230"/>
  <testcase classname="just.J_one" name="getWindow_handles" time="0.012"/>
  <testcase classname="just.J_one" name="switch_to_tabs" time="24.399"/>
  <testcase classname="just.J_one" name="getUrl_addressBar">
    <skipped/>
  </testcase> <!-- getUrl_addressBar -->
</testsuite> <!-- just.J_one -->
