<?xml version="1.0" encoding="UTF-8"?>
<!-- Generated by org.testng.reporters.JUnitReportReporter -->
<testsuite hostname="PrecisePC-6" failures="0" tests="5" name="test_components.Get_addressbar_links" time="66.068" errors="0" timestamp="2024-04-08T14:24:32 IST" skipped="4">
  <testcase classname="test_components.Get_addressbar_links" name="print_urls" time="66.068"/>
  <testcase classname="test_components.Get_addressbar_links" name="xlsx_data_communicate">
    <skipped/>
  </testcase> <!-- xlsx_data_communicate -->
  <testcase classname="test_components.Get_addressbar_links" name="getUrl_addressBar">
    <skipped/>
  </testcase> <!-- getUrl_addressBar -->
  <testcase classname="test_components.Get_addressbar_links" name="getLinks_from_address_bar">
    <skipped/>
  </testcase> <!-- getLinks_from_address_bar -->
  <testcase classname="test_components.Get_addressbar_links" name="print_stored_link">
    <skipped/>
  </testcase> <!-- print_stored_link -->
</testsuite> <!-- test_components.Get_addressbar_links -->
