<?xml version="1.0" encoding="UTF-8"?>
<!-- Generated by org.testng.reporters.JUnitReportReporter -->
<testsuite hostname="PrecisePC-6" failures="0" tests="3" name="apr_15.Debugger_class" time="9.787" errors="0" timestamp="2024-04-15T15:28:21 IST" skipped="2">
  <testcase classname="apr_15.Debugger_class" name="find_all_links_in_portal" time="9.787"/>
  <testcase classname="apr_15.Debugger_class" name="links">
    <skipped/>
  </testcase> <!-- links -->
  <testcase classname="apr_15.Debugger_class" name="allow">
    <skipped/>
  </testcase> <!-- allow -->
</testsuite> <!-- apr_15.Debugger_class -->
